::1 - - [04/Jan/2020:19:13:29 +0200] "GET /phpmyadmin HTTP/1.1" 301 236
::1 - - [04/Jan/2020:19:13:29 +0200] "GET /phpmyadmin/ HTTP/1.1" 200 3465
::1 - - [04/Jan/2020:19:13:31 +0200] "GET /phpmyadmin/js/codemirror/addon/hint/show-hint.css?v=4.7.5 HTTP/1.1" 200 623
::1 - - [04/Jan/2020:19:13:31 +0200] "GET /phpmyadmin/js/codemirror/addon/lint/lint.css?v=4.7.5 HTTP/1.1" 200 2999
::1 - - [04/Jan/2020:19:13:31 +0200] "GET /phpmyadmin/themes/pmahomme/jquery/jquery-ui.css HTTP/1.1" 200 36566
::1 - - [04/Jan/2020:19:13:31 +0200] "GET /phpmyadmin/js/codemirror/lib/codemirror.css?v=4.7.5 HTTP/1.1" 200 8132
::1 - - [04/Jan/2020:19:13:31 +0200] "GET /phpmyadmin/js/get_scripts.js.php?scripts%5B%5D=jquery/jquery.ba-hashchange-1.3.js&scripts%5B%5D=jquery/jquery.debounce-1.0.5.js&scripts%5B%5D=menu-resizer.js&scripts%5B%5D=cross_framing_protection.js&scripts%5B%5D=rte.js&scripts%5B%5D=tracekit/tracekit.js&scripts%5B%5D=error_report.js&scripts%5B%5D=config.js&scripts%5B%5D=doclinks.js&scripts%5B%5D=functions.js&v=4.7.5 HTTP/1.1" 200 77087
::1 - - [04/Jan/2020:19:13:31 +0200] "GET /phpmyadmin/js/get_scripts.js.php?scripts%5B%5D=codemirror/addon/lint/lint.js&scripts%5B%5D=codemirror/addon/lint/sql-lint.js&scripts%5B%5D=console.js&v=4.7.5 HTTP/1.1" 200 13176
::1 - - [04/Jan/2020:19:13:31 +0200] "GET /phpmyadmin/phpmyadmin.css.php?nocache=4528370018ltr&server=1 HTTP/1.1" 200 20133
::1 - - [04/Jan/2020:19:13:31 +0200] "GET /phpmyadmin/themes/pmahomme/img/logo_right.png HTTP/1.1" 200 4601
::1 - - [04/Jan/2020:19:13:31 +0200] "GET /phpmyadmin/themes/dot.gif HTTP/1.1" 200 43
::1 - - [04/Jan/2020:19:13:31 +0200] "GET /phpmyadmin/themes/pmahomme/css/printview.css?v=4.7.5 HTTP/1.1" 200 2746
::1 - - [04/Jan/2020:19:13:31 +0200] "GET /phpmyadmin/js/whitelist.php?v=4.7.5&lang=fi&collation_connection=utf8_general_ci HTTP/1.1" 200 475
::1 - - [04/Jan/2020:19:13:31 +0200] "GET /phpmyadmin/js/get_scripts.js.php?scripts%5B%5D=jquery/jquery.min.js&scripts%5B%5D=jquery/jquery-migrate-3.0.0.js&scripts%5B%5D=sprintf.js&scripts%5B%5D=ajax.js&scripts%5B%5D=keyhandler.js&scripts%5B%5D=jquery/jquery-ui.min.js&scripts%5B%5D=jquery/jquery.cookie.js&scripts%5B%5D=jquery/jquery.mousewheel.js&scripts%5B%5D=jquery/jquery.event.drag-2.2.js&scripts%5B%5D=jquery/jquery-ui-timepicker-addon.js&v=4.7.5 HTTP/1.1" 200 138876
::1 - - [04/Jan/2020:19:13:31 +0200] "GET /phpmyadmin/js/get_scripts.js.php?scripts%5B%5D=navigation.js&scripts%5B%5D=indexes.js&scripts%5B%5D=common.js&scripts%5B%5D=page_settings.js&scripts%5B%5D=shortcuts_handler.js&scripts%5B%5D=codemirror/lib/codemirror.js&scripts%5B%5D=codemirror/mode/sql/sql.js&scripts%5B%5D=codemirror/addon/runmode/runmode.js&scripts%5B%5D=codemirror/addon/hint/show-hint.js&scripts%5B%5D=codemirror/addon/hint/sql-hint.js&v=4.7.5 HTTP/1.1" 200 135447
::1 - - [04/Jan/2020:19:13:31 +0200] "GET /phpmyadmin/js/messages.php?l=fi&v=4.7.5&lang=fi&collation_connection=utf8_general_ci HTTP/1.1" 200 9853
::1 - - [04/Jan/2020:19:13:31 +0200] "GET /phpmyadmin/js/get_image.js.php?theme=pmahomme&v=4.7.5&lang=fi&collation_connection=utf8_general_ci HTTP/1.1" 200 1841
::1 - - [04/Jan/2020:19:13:32 +0200] "GET /phpmyadmin/themes/pmahomme/img/sprites.png?v=4.7.5 HTTP/1.1" 200 15764
::1 - - [04/Jan/2020:19:13:32 +0200] "GET /phpmyadmin/favicon.ico HTTP/1.1" 200 22486
::1 - - [04/Jan/2020:19:13:46 +0200] "POST /phpmyadmin/index.php HTTP/1.1" 302 25
::1 - - [04/Jan/2020:19:13:46 +0200] "GET /phpmyadmin/index.php HTTP/1.1" 200 13837
::1 - - [04/Jan/2020:19:13:47 +0200] "GET /phpmyadmin/themes/pmahomme/img/ajax_clock_small.gif HTTP/1.1" 200 1810
::1 - - [04/Jan/2020:19:13:47 +0200] "GET /phpmyadmin/themes/pmahomme/img/logo_left.png HTTP/1.1" 200 2827
::1 - - [04/Jan/2020:19:13:47 +0200] "GET /phpmyadmin/themes/pmahomme/img/s_collapseall.png HTTP/1.1" 200 170
::1 - - [04/Jan/2020:19:13:47 +0200] "GET /phpmyadmin/phpmyadmin.css.php?nocache=6106528044ltr&server=1 HTTP/1.1" 200 20133
::1 - - [04/Jan/2020:19:13:47 +0200] "GET /phpmyadmin/js/messages.php?l=fi&v=4.7.5 HTTP/1.1" 200 9853
::1 - - [04/Jan/2020:19:13:47 +0200] "GET /phpmyadmin/js/whitelist.php?v=4.7.5 HTTP/1.1" 200 475
::1 - - [04/Jan/2020:19:13:47 +0200] "GET /phpmyadmin/js/get_image.js.php?theme=pmahomme&v=4.7.5 HTTP/1.1" 200 1841
::1 - - [04/Jan/2020:19:13:48 +0200] "GET /phpmyadmin/themes/pmahomme/img/left_nav_bg.png HTTP/1.1" 200 257
::1 - - [04/Jan/2020:19:13:48 +0200] "POST /phpmyadmin/navigation.php?ajax_request=1 HTTP/1.1" 200 1910
::1 - - [04/Jan/2020:19:13:48 +0200] "POST /phpmyadmin/version_check.php HTTP/1.1" 200 64
::1 - - [04/Jan/2020:19:14:20 +0200] "GET /phpmyadmin/server_import.php?db=&ajax_request=true&ajax_page_request=true&_nocache=1578158060046139909 HTTP/1.1" 200 6372
::1 - - [04/Jan/2020:19:14:20 +0200] "GET /phpmyadmin/js/get_scripts.js.php?scripts%5B%5D=import.js&call_done=1&v=4.7.5&call_done=1&v=4.7.5 HTTP/1.1" 200 1699
::1 - - [04/Jan/2020:19:14:37 +0200] "POST /phpmyadmin/import.php HTTP/1.1" 200 22284
::1 - - [04/Jan/2020:19:14:40 +0200] "GET /phpmyadmin/phpmyadmin.css.php?nocache=6106528045ltr&server=1 HTTP/1.1" 200 20133
::1 - - [04/Jan/2020:19:14:41 +0200] "POST /phpmyadmin/navigation.php?ajax_request=1 HTTP/1.1" 200 1962
::1 - - [04/Jan/2020:19:15:35 +0200] "GET /phpmyadmin/db_structure.php?server=1&db=lukuj&ajax_request=true&ajax_page_request=true&_nocache=1578158135280802415 HTTP/1.1" 200 6127
::1 - - [04/Jan/2020:19:15:35 +0200] "GET /phpmyadmin/themes/pmahomme/img/arrow_ltr.png HTTP/1.1" 200 139
::1 - - [04/Jan/2020:19:15:35 +0200] "GET /phpmyadmin/js/get_scripts.js.php?scripts%5B%5D=db_structure.js&scripts%5B%5D=tbl_change.js&call_done=1&v=4.7.5&call_done=1&v=4.7.5 HTTP/1.1" 200 10875
::1 - - [04/Jan/2020:19:15:35 +0200] "GET /phpmyadmin/navigation.php?ajax_request=1&aPath=cm9vdA%3D%3D.bHVrdWo%3D&vPath=cm9vdA%3D%3D.bHVrdWo%3D&pos=0&pos2_name=&pos2_value=&searchClause=&searchClause2=&_nocache=1578158135982661011 HTTP/1.1" 200 1911
::1 - - [04/Jan/2020:19:16:02 +0200] "GET /phpmyadmin/server_privileges.php?db=lukuj&checkprivsdb=lukuj&viewing_mode=db&ajax_request=true&ajax_page_request=true&_nocache=1578158162367200685 HTTP/1.1" 200 2328
::1 - - [04/Jan/2020:19:16:02 +0200] "GET /phpmyadmin/js/get_scripts.js.php?scripts%5B%5D=server_privileges.js&scripts%5B%5D=zxcvbn.js&call_done=1&v=4.7.5&call_done=1&v=4.7.5 HTTP/1.1" 200 403709
::1 - - [04/Jan/2020:19:16:17 +0200] "GET /phpmyadmin/server_privileges.php?adduser=1&dbname=lukuj&ajax_request=true&ajax_page_request=true&_nocache=1578158176982125731 HTTP/1.1" 200 5386
::1 - - [04/Jan/2020:19:17:57 +0200] "GET /phpmyadmin/server_privileges.php?ajax_request=true&token=921c566395ca1d12682d54d1a888b137&server=1&validate_username=true&username=LukuJ&_nocache=1578158277004679304 HTTP/1.1" 200 1479
::1 - - [04/Jan/2020:19:19:39 +0200] "POST /phpmyadmin/server_privileges.php HTTP/1.1" 200 4040
::1 - - [04/Jan/2020:19:19:48 +0200] "GET /phpmyadmin/db_structure.php?server=1&db=lukuj&ajax_request=true&ajax_page_request=true&_nocache=1578158388698644761 HTTP/1.1" 200 6127
::1 - - [04/Jan/2020:19:19:53 +0200] "GET /phpmyadmin/db_sql.php?db=lukuj&ajax_request=true&ajax_page_request=true&_nocache=1578158393787670457 HTTP/1.1" 200 4484
::1 - - [04/Jan/2020:19:19:54 +0200] "GET /phpmyadmin/js/get_scripts.js.php?scripts%5B%5D=makegrid.js&scripts%5B%5D=jquery/jquery.uitablefilter.js&scripts%5B%5D=sql.js&call_done=1&v=4.7.5&call_done=1&v=4.7.5 HTTP/1.1" 200 28072
::1 - - [04/Jan/2020:19:20:00 +0200] "GET /phpmyadmin/sql.php?server=1&db=lukuj&table=web1&pos=0&ajax_request=true&ajax_page_request=true&_nocache=1578158400319670020 HTTP/1.1" 200 10110
::1 - - [04/Jan/2020:19:20:01 +0200] "GET /phpmyadmin/themes/pmahomme/img/s_fulltext.png HTTP/1.1" 200 193
::1 - - [04/Jan/2020:19:20:01 +0200] "GET /phpmyadmin/js/get_scripts.js.php?scripts%5B%5D=gis_data_editor.js&scripts%5B%5D=multi_column_sort.js&call_done=1&v=4.7.5&call_done=1&v=4.7.5 HTTP/1.1" 200 4584
::1 - - [04/Jan/2020:19:20:01 +0200] "GET /phpmyadmin/themes/pmahomme/img/col_pointer.png HTTP/1.1" 200 113
::1 - - [04/Jan/2020:19:20:01 +0200] "GET /phpmyadmin/themes/pmahomme/img/col_drop.png HTTP/1.1" 200 132
::1 - - [04/Jan/2020:19:20:01 +0200] "GET /phpmyadmin/index.php?ajax_request=1&recent_table=1&no_debug=true&_nocache=1578158401187320789 HTTP/1.1" 200 1447
::1 - - [04/Jan/2020:19:21:14 +0200] "POST /phpmyadmin/sql.php HTTP/1.1" 200 10494
::1 - - [04/Jan/2020:19:21:15 +0200] "GET /phpmyadmin/index.php?ajax_request=1&recent_table=1&no_debug=true&_nocache=157815847516866092 HTTP/1.1" 200 1447
::1 - - [04/Jan/2020:19:22:11 +0200] "GET /phpmyadmin/tbl_chart.php?db=lukuj&table=web1&printview=1&sql_query=SELECT+%2A+FROM+%60web1%60++%0D%0A+ORDER+BY+%60id%60+ASC&single_table=true&unlim_num_rows=104&ajax_request=true&ajax_page_request=true&_nocache=1578158531461855049 HTTP/1.1" 200 3088
::1 - - [04/Jan/2020:19:22:11 +0200] "GET /phpmyadmin/js/get_scripts.js.php?scripts%5B%5D=jqplot/plugins/jqplot.highlighter.js&call_done=1&v=4.7.5&call_done=1&v=4.7.5 HTTP/1.1" 200 5166
::1 - - [04/Jan/2020:19:22:11 +0200] "GET /phpmyadmin/js/get_scripts.js.php?scripts%5B%5D=chart.js&scripts%5B%5D=tbl_chart.js&scripts%5B%5D=jqplot/jquery.jqplot.js&scripts%5B%5D=jqplot/plugins/jqplot.barRenderer.js&scripts%5B%5D=jqplot/plugins/jqplot.canvasAxisLabelRenderer.js&scripts%5B%5D=jqplot/plugins/jqplot.canvasTextRenderer.js&scripts%5B%5D=jqplot/plugins/jqplot.categoryAxisRenderer.js&scripts%5B%5D=jqplot/plugins/jqplot.dateAxisRenderer.js&scripts%5B%5D=jqplot/plugins/jqplot.pointLabels.js&scripts%5B%5D=jqplot/plugins/jqplot.pieRenderer.js&call_done=1&v=4.7.5 HTTP/1.1" 200 130219
::1 - - [04/Jan/2020:19:22:12 +0200] "GET /phpmyadmin/themes/pmahomme/jquery/images/ui-icons_222222_256x240.png HTTP/1.1" 200 4262
::1 - - [04/Jan/2020:19:22:12 +0200] "GET /phpmyadmin/index.php?ajax_request=1&recent_table=1&no_debug=true&_nocache=1578158532351897959 HTTP/1.1" 200 1447
::1 - - [04/Jan/2020:19:22:12 +0200] "POST /phpmyadmin/tbl_chart.php HTTP/1.1" 200 2255
::1 - - [04/Jan/2020:19:22:12 +0200] "GET /phpmyadmin/index.php?ajax_request=1&recent_table=1&no_debug=true&_nocache=1578158532391204777 HTTP/1.1" 200 1447
::1 - - [04/Jan/2020:19:22:12 +0200] "POST /phpmyadmin/tbl_chart.php HTTP/1.1" 200 2255
::1 - - [04/Jan/2020:19:22:12 +0200] "POST /phpmyadmin/tbl_chart.php HTTP/1.1" 200 2255
::1 - - [04/Jan/2020:19:22:38 +0200] "GET /phpmyadmin/sql.php?server=1&db=lukuj&table=web1&pos=0&ajax_request=true&ajax_page_request=true&_nocache=157815855885241564 HTTP/1.1" 200 10118
::1 - - [04/Jan/2020:19:22:39 +0200] "GET /phpmyadmin/index.php?ajax_request=1&recent_table=1&no_debug=true&_nocache=1578158559380870354 HTTP/1.1" 200 1447
