2020-01-04 19:13:06 24952 [Note] Plugin 'FEDERATED' is disabled.
2020-01-04 19:13:06 24952 [Note] InnoDB: Using atomics to ref count buffer pool pages
2020-01-04 19:13:06 24952 [Note] InnoDB: The InnoDB memory heap is disabled
2020-01-04 19:13:06 24952 [Note] InnoDB: Mutexes and rw_locks use Windows interlocked functions
2020-01-04 19:13:06 24952 [Note] InnoDB: Memory barrier is not used
2020-01-04 19:13:06 24952 [Note] InnoDB: Compressed tables use zlib 1.2.3
2020-01-04 19:13:06 24952 [Note] InnoDB: Not using CPU crc32 instructions
2020-01-04 19:13:06 24952 [Note] InnoDB: Initializing buffer pool, size = 128.0M
2020-01-04 19:13:06 24952 [Note] InnoDB: Completed initialization of buffer pool
2020-01-04 19:13:06 24952 [Note] InnoDB: Setting log file E:\usbwebserver_v8.6.2\usbwebserver\mysql\data\ib_logfile101 size to 5 MB
2020-01-04 19:13:06 24952 [Note] InnoDB: Setting log file E:\usbwebserver_v8.6.2\usbwebserver\mysql\data\ib_logfile1 size to 5 MB
2020-01-04 19:13:06 24952 [Note] InnoDB: Renaming log file E:\usbwebserver_v8.6.2\usbwebserver\mysql\data\ib_logfile101 to E:\usbwebserver_v8.6.2\usbwebserver\mysql\data\ib_logfile0
2020-01-04 19:13:06 24952 [Warning] InnoDB: New log files created, LSN=1626134
2020-01-04 19:13:06 24952 [Note] InnoDB: Highest supported file format is Barracuda.
2020-01-04 19:13:06 5a2c InnoDB: Error: page 5 log sequence number 1626646
InnoDB: is in the future! Current system log sequence number 1626636.
InnoDB: Your database may be corrupt or you may have copied the InnoDB
InnoDB: tablespace but not the InnoDB log files. See
InnoDB: http://dev.mysql.com/doc/refman/5.6/en/forcing-innodb-recovery.html
InnoDB: for more information.
2020-01-04 19:13:07 24952 [Note] InnoDB: 128 rollback segment(s) are active.
2020-01-04 19:13:07 24952 [Note] InnoDB: Waiting for purge to start
2020-01-04 19:13:07 24952 [Note] InnoDB: 5.6.34 started; log sequence number 1626636
2020-01-04 19:13:07 24952 [Warning] No existing UUID has been found, so we assume that this is the first time that this server has been started. Generating a new UUID: 79be8bf2-2f15-11ea-9b37-107b441a859e.
2020-01-04 19:13:07 24952 [Note] Server hostname (bind-address): '*'; port: 3306
2020-01-04 19:13:07 24952 [Note] IPv6 is available.
2020-01-04 19:13:07 24952 [Note]   - '::' resolves to '::';
2020-01-04 19:13:07 24952 [Note] Server socket created on IP: '::'.
